38.9833987 -76.9438664
38.9834401 -76.9437882
38.9846388 -76.9428505
38.9850979 -76.9427487
38.9859219 -76.9414622
38.9859389 -76.9413999
38.9865791 -76.9408257
38.9866747 -76.9407336
38.9867309 -76.9410007
38.9868429 -76.9406618
38.9875907 -76.9393488
38.9876286 -76.9392978
38.9876057 -76.9393767
38.9876571 -76.938067
38.9876954 -76.9385763
38.9877555 -76.9385883
38.9876789 -76.9364527
38.9887596 -76.9372189
38.9888363 -76.9371693
38.9877555 -76.9364686
38.9888202 -76.9363216
38.9888522 -76.9362442
38.988822 -76.9361725
38.9899069 -76.9363112
38.9898962 -76.9364687
38.9893196 -76.9362408
38.9903115 -76.9369196
38.9904632 -76.937195
38.9906148 -76.9375724
38.9906469 -76.9376354
38.9906788 -76.9376767
38.990274 -76.9383483
38.9901314 -76.9384333
38.9901283 -76.9386187
38.9902083 -76.9387401
38.9902006 -76.9388527
38.9900986 -76.939957
38.9900861 -76.9400238
38.9900551 -76.9401107
38.9900199 -76.9402699
38.9900128 -76.9404695
38.9898764 -76.9406446
38.9890439 -76.9403976
Killed
/admin
path.exists is now called `fs.exists`.
/admin/help.html
/admin/settings.html
/admin/admin
/admin
/admin/admin
/admin/help.html
/admin/settings.html
/admin/js/jquery.min.js
/admin/css/menu.css
/admin/js/background.js
/admin/css/style.css
/admin/admin
/admin/settings.html
/admin/help.html
/admin/admin
/admin/settings.html
/admin/help.html
/admin/admin
/admin/settings.html
/admin
/admin/settings.html
/admin/help.html
/admin/admin
/admin/help.html
/admin/admin
/admin/css/style.css
/admin/settings.html
/admin/admin
/admin/help.html
/admin/help.html
/admin/admin
/admin/help.html
/admin/admin
/admin/settings.html
/admin/settings.html
/admin/help.html
/admin/css/menu.css
/admin/settings.html
/admin/settings.html
/admin/admin
/admin/settings.html
/admin/js/jquery.min.js
/admin/js/background.js
/admin
/admin/admin
/admin/help.html
/admin/settings.html
/admin/admin
/admin
38.9914474 -76.9467315
38.9913864 -76.9467484
38.9914294 -76.9467181
38.9914006 -76.9467521
38.9914318 -76.9467537
38.9914069 -76.9467363
38.991444 -76.946748
38.991421 -76.9467428
38.9914245 -76.9467566
38.9913942 -76.9467379
38.9914356 -76.9467542
38.9914374 -76.9467464
38.9913553 -76.9467652
38.9914161 -76.9467451
39.2520288 -76.8500875
39.2519959 -76.8501273
39.2520087 -76.8500839
39.2519883 -76.8500935
39.252041 -76.8501203
39.2520398 -76.8500608
39.2519971 -76.8501319
39.2519991 -76.8500296
39.2520403 -76.8500425
39.252042 -76.8501172
39.2519839 -76.8500687
39.2520045 -76.8501104
39.2519655 -76.8500983
39.2520001 -76.8500464
39.2518985 -76.8500573
39.2519757 -76.8501646
